  [1m[36m (1.6ms)[0m  [1mCREATE TABLE "schema_migrations" ("version" varchar(255) NOT NULL) [0m
  [1m[35m (1.1ms)[0m  CREATE UNIQUE INDEX "unique_schema_migrations" ON "schema_migrations" ("version")
  [1m[36mActiveRecord::SchemaMigration Load (0.2ms)[0m  [1mSELECT "schema_migrations".* FROM "schema_migrations"[0m
Migrating to CreateDsElements (20140305231531)
  [1m[35m (0.1ms)[0m  begin transaction
  [1m[36m (0.5ms)[0m  [1mCREATE TABLE "ds_elements" ("id" INTEGER PRIMARY KEY AUTOINCREMENT NOT NULL, "fullpath" varchar(255), "prop" varchar(255), "datatype" varchar(255), "description" text, "lastseen" datetime, "created_at" datetime, "updated_at" datetime) [0m
  [1m[35mSQL (0.2ms)[0m  INSERT INTO "schema_migrations" ("version") VALUES (?)  [["version", "20140305231531"]]
  [1m[36m (0.9ms)[0m  [1mcommit transaction[0m
  [1m[35mActiveRecord::SchemaMigration Load (0.1ms)[0m  SELECT "schema_migrations".* FROM "schema_migrations"
  [1m[36mActiveRecord::SchemaMigration Load (0.6ms)[0m  [1mSELECT "schema_migrations".* FROM "schema_migrations"[0m
  [1m[35mActiveRecord::SchemaMigration Load (0.1ms)[0m  SELECT "schema_migrations".* FROM "schema_migrations"


Started GET "/" for 127.0.0.1 at 2014-03-05 15:34:38 -0800
  [1m[36mActiveRecord::SchemaMigration Load (0.2ms)[0m  [1mSELECT "schema_migrations".* FROM "schema_migrations"[0m
Processing by Rails::WelcomeController#index as HTML
  Rendered /Users/bradhubbard/.rvm/gems/ruby-2.1.1/gems/railties-4.0.3/lib/rails/templates/rails/welcome/index.html.erb (2.3ms)
Completed 200 OK in 29ms (Views: 11.3ms | ActiveRecord: 0.0ms)


Started GET "/main/webhook" for 127.0.0.1 at 2014-03-05 16:46:18 -0800
  [1m[36mActiveRecord::SchemaMigration Load (0.4ms)[0m  [1mSELECT "schema_migrations".* FROM "schema_migrations"[0m

ActionController::RoutingError (No route matches [GET] "/main/webhook"):
  actionpack (4.0.3) lib/action_dispatch/middleware/debug_exceptions.rb:21:in `call'
  actionpack (4.0.3) lib/action_dispatch/middleware/show_exceptions.rb:30:in `call'
  railties (4.0.3) lib/rails/rack/logger.rb:38:in `call_app'
  railties (4.0.3) lib/rails/rack/logger.rb:20:in `block in call'
  activesupport (4.0.3) lib/active_support/tagged_logging.rb:67:in `block in tagged'
  activesupport (4.0.3) lib/active_support/tagged_logging.rb:25:in `tagged'
  activesupport (4.0.3) lib/active_support/tagged_logging.rb:67:in `tagged'
  railties (4.0.3) lib/rails/rack/logger.rb:20:in `call'
  actionpack (4.0.3) lib/action_dispatch/middleware/request_id.rb:21:in `call'
  rack (1.5.2) lib/rack/methodoverride.rb:21:in `call'
  rack (1.5.2) lib/rack/runtime.rb:17:in `call'
  activesupport (4.0.3) lib/active_support/cache/strategy/local_cache.rb:83:in `call'
  rack (1.5.2) lib/rack/lock.rb:17:in `call'
  actionpack (4.0.3) lib/action_dispatch/middleware/static.rb:64:in `call'
  rack (1.5.2) lib/rack/sendfile.rb:112:in `call'
  railties (4.0.3) lib/rails/engine.rb:511:in `call'
  railties (4.0.3) lib/rails/application.rb:97:in `call'
  rack (1.5.2) lib/rack/lock.rb:17:in `call'
  rack (1.5.2) lib/rack/content_length.rb:14:in `call'
  rack (1.5.2) lib/rack/handler/webrick.rb:60:in `service'
  /Users/bradhubbard/.rvm/rubies/ruby-2.1.1/lib/ruby/2.1.0/webrick/httpserver.rb:138:in `service'
  /Users/bradhubbard/.rvm/rubies/ruby-2.1.1/lib/ruby/2.1.0/webrick/httpserver.rb:94:in `run'
  /Users/bradhubbard/.rvm/rubies/ruby-2.1.1/lib/ruby/2.1.0/webrick/server.rb:295:in `block in start_thread'


  Rendered /Users/bradhubbard/.rvm/gems/ruby-2.1.1/gems/actionpack-4.0.3/lib/action_dispatch/middleware/templates/rescues/_trace.erb (2.1ms)
  Rendered /Users/bradhubbard/.rvm/gems/ruby-2.1.1/gems/actionpack-4.0.3/lib/action_dispatch/middleware/templates/routes/_route.html.erb (1.5ms)
  Rendered /Users/bradhubbard/.rvm/gems/ruby-2.1.1/gems/actionpack-4.0.3/lib/action_dispatch/middleware/templates/routes/_table.html.erb (6.2ms)
  Rendered /Users/bradhubbard/.rvm/gems/ruby-2.1.1/gems/actionpack-4.0.3/lib/action_dispatch/middleware/templates/rescues/routing_error.erb within rescues/layout (37.4ms)


Started POST "/main/webhook.json" for 127.0.0.1 at 2014-03-05 16:46:33 -0800
Processing by MainController#webhook as JSON
  Parameters: {"demographic"=>{"gender"=>"female"}, "interaction"=>{"author"=>{"avatar"=>"http://pbs.twimg.com/profile_images/548734397/writerFocus_normal.jpg", "id"=>14178358, "language"=>"en", "link"=>"http://twitter.com/JJSantana", "name"=>"Jessica Santana", "username"=>"JJSantana"}, "content"=>"Tableau can be so slow! Found this though: http://t.co/Thznv7LXG5", "created_at"=>"Fri, 03 Jan 2014 04:29:10 +0000", "id"=>"1e3742f972f6af00e074d5eef71c639e", "link"=>"http://twitter.com/JJSantana/status/418962215064977408", "received_at"=>4743611535899367362, "schema"=>{"version"=>3}, "source"=>"web", "type"=>"twitter"}, "klout"=>{"score"=>22}, "language"=>{"confidence"=>100, "tag"=>"en"}, "links"=>{"code"=>[200], "created_at"=>["Fri, 03 Jan 2014 04:29:11 +0000"], "meta"=>{"charset"=>["UTF-8"], "content_type"=>["text/html"], "description"=>["The Information Lab, Tableau Partner of the Year 2013, is a team of passionate Tableau software professionals. We are a Tableau UK Gold Partner and one of the longest standing Tableau partners in the UK with experience of all aspects of both Tableau Desktop and Tableau Server. Our team are skilled at working with data and we are all certified Tableau consultants."], "lang"=>["en-us"], "opengraph"=>[{"site_name"=>"The Information Lab", "description"=>"The Information Lab, Tableau Partner of the Year 2013, is a team of passionate Tableau software professionals. We are a Tableau UK Gold Partner and one of the longest standing Tableau partners in the UK with experience of all aspects of both Tableau Desktop and Tableau Server. Our team are skilled at working with data and we are all certified Tableau consultants.", "type"=>"article", "url"=>"http://www.theinformationlab.co.uk/2012/11/19/why-is-my-tableau-viz-slow/", "image"=>"http://www.theinformationlab.co.uk/wp-content/uploads/2012/11/ScreenShot003_thumb2.jpg", "title"=>"Why is my Tableau viz slow? - The Information Lab"}], "twitter"=>[{"description"=>"We all know and love Tableau to be the best BI tool to enable you to quickl", "card"=>"summary", "url"=>"http://www.theinformationlab.co.uk/2012/11/19/why-is-my-tableau-viz-slow/", "title"=>"Why is my Tableau viz slow?"}]}, "normalized_url"=>["http://theinformationlab.co.uk/2012/11/19/why-is-my-tableau-viz-slow"], "retweet_count"=>[0], "title"=>["Why is my Tableau viz slow? - The Information Lab"], "url"=>["http://www.theinformationlab.co.uk/2012/11/19/why-is-my-tableau-viz-slow/"]}, "salience"=>{"content"=>{"sentiment"=>-8}}, "twitter"=>{"created_at"=>"Fri, 03 Jan 2014 04:29:10 +0000", "display_urls"=>["theinformationlab.co.uk/2012/11/19/why…"], "domains"=>["www.theinformationlab.co.uk"], "filter_level"=>"medium", "id"=>"418962215064977408", "lang"=>"en", "links"=>["http://www.theinformationlab.co.uk/2012/11/19/why-is-my-tableau-viz-slow/"], "source"=>"web", "text"=>"Tableau can be so slow! Found this though: http://t.co/Thznv7LXG5", "user"=>{"created_at"=>"Wed, 19 Mar 2008 17:40:00 +0000", "description"=>"Fanatic of information and innovation", "favourites_count"=>1, "followers_count"=>151, "friends_count"=>235, "geo_enabled"=>true, "id"=>14178358, "id_str"=>"14178358", "lang"=>"en", "listed_count"=>9, "location"=>"San Francisco, CA", "name"=>"Jessica Santana", "profile_image_url"=>"http://pbs.twimg.com/profile_images/548734397/writerFocus_normal.jpg", "profile_image_url_https"=>"https://pbs.twimg.com/profile_images/548734397/writerFocus_normal.jpg", "screen_name"=>"JJSantana", "statuses_count"=>165, "time_zone"=>"Pacific Time (US & Canada)", "url"=>"http://www.linkedin.com/in/jessicasantana", "utc_offset"=>-28800, "verified"=>false}}, "main"=>{"demographic"=>{"gender"=>"female"}, "interaction"=>{"author"=>{"avatar"=>"http://pbs.twimg.com/profile_images/548734397/writerFocus_normal.jpg", "id"=>14178358, "language"=>"en", "link"=>"http://twitter.com/JJSantana", "name"=>"Jessica Santana", "username"=>"JJSantana"}, "content"=>"Tableau can be so slow! Found this though: http://t.co/Thznv7LXG5", "created_at"=>"Fri, 03 Jan 2014 04:29:10 +0000", "id"=>"1e3742f972f6af00e074d5eef71c639e", "link"=>"http://twitter.com/JJSantana/status/418962215064977408", "received_at"=>4743611535899367362, "schema"=>{"version"=>3}, "source"=>"web", "type"=>"twitter"}, "klout"=>{"score"=>22}, "language"=>{"confidence"=>100, "tag"=>"en"}, "links"=>{"code"=>[200], "created_at"=>["Fri, 03 Jan 2014 04:29:11 +0000"], "meta"=>{"charset"=>["UTF-8"], "content_type"=>["text/html"], "description"=>["The Information Lab, Tableau Partner of the Year 2013, is a team of passionate Tableau software professionals. We are a Tableau UK Gold Partner and one of the longest standing Tableau partners in the UK with experience of all aspects of both Tableau Desktop and Tableau Server. Our team are skilled at working with data and we are all certified Tableau consultants."], "lang"=>["en-us"], "opengraph"=>[{"site_name"=>"The Information Lab", "description"=>"The Information Lab, Tableau Partner of the Year 2013, is a team of passionate Tableau software professionals. We are a Tableau UK Gold Partner and one of the longest standing Tableau partners in the UK with experience of all aspects of both Tableau Desktop and Tableau Server. Our team are skilled at working with data and we are all certified Tableau consultants.", "type"=>"article", "url"=>"http://www.theinformationlab.co.uk/2012/11/19/why-is-my-tableau-viz-slow/", "image"=>"http://www.theinformationlab.co.uk/wp-content/uploads/2012/11/ScreenShot003_thumb2.jpg", "title"=>"Why is my Tableau viz slow? - The Information Lab"}], "twitter"=>[{"description"=>"We all know and love Tableau to be the best BI tool to enable you to quickl", "card"=>"summary", "url"=>"http://www.theinformationlab.co.uk/2012/11/19/why-is-my-tableau-viz-slow/", "title"=>"Why is my Tableau viz slow?"}]}, "normalized_url"=>["http://theinformationlab.co.uk/2012/11/19/why-is-my-tableau-viz-slow"], "retweet_count"=>[0], "title"=>["Why is my Tableau viz slow? - The Information Lab"], "url"=>["http://www.theinformationlab.co.uk/2012/11/19/why-is-my-tableau-viz-slow/"]}, "salience"=>{"content"=>{"sentiment"=>-8}}, "twitter"=>{"created_at"=>"Fri, 03 Jan 2014 04:29:10 +0000", "display_urls"=>["theinformationlab.co.uk/2012/11/19/why…"], "domains"=>["www.theinformationlab.co.uk"], "filter_level"=>"medium", "id"=>"418962215064977408", "lang"=>"en", "links"=>["http://www.theinformationlab.co.uk/2012/11/19/why-is-my-tableau-viz-slow/"], "source"=>"web", "text"=>"Tableau can be so slow! Found this though: http://t.co/Thznv7LXG5", "user"=>{"created_at"=>"Wed, 19 Mar 2008 17:40:00 +0000", "description"=>"Fanatic of information and innovation", "favourites_count"=>1, "followers_count"=>151, "friends_count"=>235, "geo_enabled"=>true, "id"=>14178358, "id_str"=>"14178358", "lang"=>"en", "listed_count"=>9, "location"=>"San Francisco, CA", "name"=>"Jessica Santana", "profile_image_url"=>"http://pbs.twimg.com/profile_images/548734397/writerFocus_normal.jpg", "profile_image_url_https"=>"https://pbs.twimg.com/profile_images/548734397/writerFocus_normal.jpg", "screen_name"=>"JJSantana", "statuses_count"=>165, "time_zone"=>"Pacific Time (US & Canada)", "url"=>"http://www.linkedin.com/in/jessicasantana", "utc_offset"=>-28800, "verified"=>false}}}}
Can't verify CSRF token authenticity
Completed 422 Unprocessable Entity in 22ms

ActionController::InvalidAuthenticityToken (ActionController::InvalidAuthenticityToken):
  actionpack (4.0.3) lib/action_controller/metal/request_forgery_protection.rb:163:in `handle_unverified_request'
  actionpack (4.0.3) lib/action_controller/metal/request_forgery_protection.rb:170:in `handle_unverified_request'
  actionpack (4.0.3) lib/action_controller/metal/request_forgery_protection.rb:177:in `verify_authenticity_token'
  activesupport (4.0.3) lib/active_support/callbacks.rb:377:in `_run__906705308115702354__process_action__callbacks'
  activesupport (4.0.3) lib/active_support/callbacks.rb:80:in `run_callbacks'
  actionpack (4.0.3) lib/abstract_controller/callbacks.rb:17:in `process_action'
  actionpack (4.0.3) lib/action_controller/metal/rescue.rb:29:in `process_action'
  actionpack (4.0.3) lib/action_controller/metal/instrumentation.rb:31:in `block in process_action'
  activesupport (4.0.3) lib/active_support/notifications.rb:159:in `block in instrument'
  activesupport (4.0.3) lib/active_support/notifications/instrumenter.rb:20:in `instrument'
  activesupport (4.0.3) lib/active_support/notifications.rb:159:in `instrument'
  actionpack (4.0.3) lib/action_controller/metal/instrumentation.rb:30:in `process_action'
  actionpack (4.0.3) lib/action_controller/metal/params_wrapper.rb:245:in `process_action'
  activerecord (4.0.3) lib/active_record/railties/controller_runtime.rb:18:in `process_action'
  actionpack (4.0.3) lib/abstract_controller/base.rb:136:in `process'
  actionpack (4.0.3) lib/abstract_controller/rendering.rb:44:in `process'
  actionpack (4.0.3) lib/action_controller/metal.rb:195:in `dispatch'
  actionpack (4.0.3) lib/action_controller/metal/rack_delegation.rb:13:in `dispatch'
  actionpack (4.0.3) lib/action_controller/metal.rb:231:in `block in action'
  actionpack (4.0.3) lib/action_dispatch/routing/route_set.rb:80:in `call'
  actionpack (4.0.3) lib/action_dispatch/routing/route_set.rb:80:in `dispatch'
  actionpack (4.0.3) lib/action_dispatch/routing/route_set.rb:48:in `call'
  actionpack (4.0.3) lib/action_dispatch/journey/router.rb:71:in `block in call'
  actionpack (4.0.3) lib/action_dispatch/journey/router.rb:59:in `each'
  actionpack (4.0.3) lib/action_dispatch/journey/router.rb:59:in `call'
  actionpack (4.0.3) lib/action_dispatch/routing/route_set.rb:680:in `call'
  rack (1.5.2) lib/rack/etag.rb:23:in `call'
  rack (1.5.2) lib/rack/conditionalget.rb:35:in `call'
  rack (1.5.2) lib/rack/head.rb:11:in `call'
  actionpack (4.0.3) lib/action_dispatch/middleware/params_parser.rb:27:in `call'
  actionpack (4.0.3) lib/action_dispatch/middleware/flash.rb:241:in `call'
  rack (1.5.2) lib/rack/session/abstract/id.rb:225:in `context'
  rack (1.5.2) lib/rack/session/abstract/id.rb:220:in `call'
  actionpack (4.0.3) lib/action_dispatch/middleware/cookies.rb:486:in `call'
  activerecord (4.0.3) lib/active_record/query_cache.rb:36:in `call'
  activerecord (4.0.3) lib/active_record/connection_adapters/abstract/connection_pool.rb:626:in `call'
  activerecord (4.0.3) lib/active_record/migration.rb:369:in `call'
  actionpack (4.0.3) lib/action_dispatch/middleware/callbacks.rb:29:in `block in call'
  activesupport (4.0.3) lib/active_support/callbacks.rb:373:in `_run__213615501033449948__call__callbacks'
  activesupport (4.0.3) lib/active_support/callbacks.rb:80:in `run_callbacks'
  actionpack (4.0.3) lib/action_dispatch/middleware/callbacks.rb:27:in `call'
  actionpack (4.0.3) lib/action_dispatch/middleware/reloader.rb:64:in `call'
  actionpack (4.0.3) lib/action_dispatch/middleware/remote_ip.rb:76:in `call'
  actionpack (4.0.3) lib/action_dispatch/middleware/debug_exceptions.rb:17:in `call'
  actionpack (4.0.3) lib/action_dispatch/middleware/show_exceptions.rb:30:in `call'
  railties (4.0.3) lib/rails/rack/logger.rb:38:in `call_app'
  railties (4.0.3) lib/rails/rack/logger.rb:20:in `block in call'
  activesupport (4.0.3) lib/active_support/tagged_logging.rb:67:in `block in tagged'
  activesupport (4.0.3) lib/active_support/tagged_logging.rb:25:in `tagged'
  activesupport (4.0.3) lib/active_support/tagged_logging.rb:67:in `tagged'
  railties (4.0.3) lib/rails/rack/logger.rb:20:in `call'
  actionpack (4.0.3) lib/action_dispatch/middleware/request_id.rb:21:in `call'
  rack (1.5.2) lib/rack/methodoverride.rb:21:in `call'
  rack (1.5.2) lib/rack/runtime.rb:17:in `call'
  activesupport (4.0.3) lib/active_support/cache/strategy/local_cache.rb:83:in `call'
  rack (1.5.2) lib/rack/lock.rb:17:in `call'
  actionpack (4.0.3) lib/action_dispatch/middleware/static.rb:64:in `call'
  rack (1.5.2) lib/rack/sendfile.rb:112:in `call'
  railties (4.0.3) lib/rails/engine.rb:511:in `call'
  railties (4.0.3) lib/rails/application.rb:97:in `call'
  rack (1.5.2) lib/rack/lock.rb:17:in `call'
  rack (1.5.2) lib/rack/content_length.rb:14:in `call'
  rack (1.5.2) lib/rack/handler/webrick.rb:60:in `service'
  /Users/bradhubbard/.rvm/rubies/ruby-2.1.1/lib/ruby/2.1.0/webrick/httpserver.rb:138:in `service'
  /Users/bradhubbard/.rvm/rubies/ruby-2.1.1/lib/ruby/2.1.0/webrick/httpserver.rb:94:in `run'
  /Users/bradhubbard/.rvm/rubies/ruby-2.1.1/lib/ruby/2.1.0/webrick/server.rb:295:in `block in start_thread'


  Rendered /Users/bradhubbard/.rvm/gems/ruby-2.1.1/gems/actionpack-4.0.3/lib/action_dispatch/middleware/templates/rescues/_source.erb (1.4ms)
  Rendered /Users/bradhubbard/.rvm/gems/ruby-2.1.1/gems/actionpack-4.0.3/lib/action_dispatch/middleware/templates/rescues/_trace.erb (2.0ms)
  Rendered /Users/bradhubbard/.rvm/gems/ruby-2.1.1/gems/actionpack-4.0.3/lib/action_dispatch/middleware/templates/rescues/_request_and_response.erb (4.2ms)
  Rendered /Users/bradhubbard/.rvm/gems/ruby-2.1.1/gems/actionpack-4.0.3/lib/action_dispatch/middleware/templates/rescues/diagnostics.erb within rescues/layout (32.7ms)


Started POST "/main/webhook.json" for 127.0.0.1 at 2014-03-05 16:47:54 -0800
Processing by MainController#webhook as JSON
  Parameters: {"demographic"=>{"gender"=>"female"}, "interaction"=>{"author"=>{"avatar"=>"http://pbs.twimg.com/profile_images/548734397/writerFocus_normal.jpg", "id"=>14178358, "language"=>"en", "link"=>"http://twitter.com/JJSantana", "name"=>"Jessica Santana", "username"=>"JJSantana"}, "content"=>"Tableau can be so slow! Found this though: http://t.co/Thznv7LXG5", "created_at"=>"Fri, 03 Jan 2014 04:29:10 +0000", "id"=>"1e3742f972f6af00e074d5eef71c639e", "link"=>"http://twitter.com/JJSantana/status/418962215064977408", "received_at"=>4743611535899367362, "schema"=>{"version"=>3}, "source"=>"web", "type"=>"twitter"}, "klout"=>{"score"=>22}, "language"=>{"confidence"=>100, "tag"=>"en"}, "links"=>{"code"=>[200], "created_at"=>["Fri, 03 Jan 2014 04:29:11 +0000"], "meta"=>{"charset"=>["UTF-8"], "content_type"=>["text/html"], "description"=>["The Information Lab, Tableau Partner of the Year 2013, is a team of passionate Tableau software professionals. We are a Tableau UK Gold Partner and one of the longest standing Tableau partners in the UK with experience of all aspects of both Tableau Desktop and Tableau Server. Our team are skilled at working with data and we are all certified Tableau consultants."], "lang"=>["en-us"], "opengraph"=>[{"site_name"=>"The Information Lab", "description"=>"The Information Lab, Tableau Partner of the Year 2013, is a team of passionate Tableau software professionals. We are a Tableau UK Gold Partner and one of the longest standing Tableau partners in the UK with experience of all aspects of both Tableau Desktop and Tableau Server. Our team are skilled at working with data and we are all certified Tableau consultants.", "type"=>"article", "url"=>"http://www.theinformationlab.co.uk/2012/11/19/why-is-my-tableau-viz-slow/", "image"=>"http://www.theinformationlab.co.uk/wp-content/uploads/2012/11/ScreenShot003_thumb2.jpg", "title"=>"Why is my Tableau viz slow? - The Information Lab"}], "twitter"=>[{"description"=>"We all know and love Tableau to be the best BI tool to enable you to quickl", "card"=>"summary", "url"=>"http://www.theinformationlab.co.uk/2012/11/19/why-is-my-tableau-viz-slow/", "title"=>"Why is my Tableau viz slow?"}]}, "normalized_url"=>["http://theinformationlab.co.uk/2012/11/19/why-is-my-tableau-viz-slow"], "retweet_count"=>[0], "title"=>["Why is my Tableau viz slow? - The Information Lab"], "url"=>["http://www.theinformationlab.co.uk/2012/11/19/why-is-my-tableau-viz-slow/"]}, "salience"=>{"content"=>{"sentiment"=>-8}}, "twitter"=>{"created_at"=>"Fri, 03 Jan 2014 04:29:10 +0000", "display_urls"=>["theinformationlab.co.uk/2012/11/19/why…"], "domains"=>["www.theinformationlab.co.uk"], "filter_level"=>"medium", "id"=>"418962215064977408", "lang"=>"en", "links"=>["http://www.theinformationlab.co.uk/2012/11/19/why-is-my-tableau-viz-slow/"], "source"=>"web", "text"=>"Tableau can be so slow! Found this though: http://t.co/Thznv7LXG5", "user"=>{"created_at"=>"Wed, 19 Mar 2008 17:40:00 +0000", "description"=>"Fanatic of information and innovation", "favourites_count"=>1, "followers_count"=>151, "friends_count"=>235, "geo_enabled"=>true, "id"=>14178358, "id_str"=>"14178358", "lang"=>"en", "listed_count"=>9, "location"=>"San Francisco, CA", "name"=>"Jessica Santana", "profile_image_url"=>"http://pbs.twimg.com/profile_images/548734397/writerFocus_normal.jpg", "profile_image_url_https"=>"https://pbs.twimg.com/profile_images/548734397/writerFocus_normal.jpg", "screen_name"=>"JJSantana", "statuses_count"=>165, "time_zone"=>"Pacific Time (US & Canada)", "url"=>"http://www.linkedin.com/in/jessicasantana", "utc_offset"=>-28800, "verified"=>false}}, "main"=>{"demographic"=>{"gender"=>"female"}, "interaction"=>{"author"=>{"avatar"=>"http://pbs.twimg.com/profile_images/548734397/writerFocus_normal.jpg", "id"=>14178358, "language"=>"en", "link"=>"http://twitter.com/JJSantana", "name"=>"Jessica Santana", "username"=>"JJSantana"}, "content"=>"Tableau can be so slow! Found this though: http://t.co/Thznv7LXG5", "created_at"=>"Fri, 03 Jan 2014 04:29:10 +0000", "id"=>"1e3742f972f6af00e074d5eef71c639e", "link"=>"http://twitter.com/JJSantana/status/418962215064977408", "received_at"=>4743611535899367362, "schema"=>{"version"=>3}, "source"=>"web", "type"=>"twitter"}, "klout"=>{"score"=>22}, "language"=>{"confidence"=>100, "tag"=>"en"}, "links"=>{"code"=>[200], "created_at"=>["Fri, 03 Jan 2014 04:29:11 +0000"], "meta"=>{"charset"=>["UTF-8"], "content_type"=>["text/html"], "description"=>["The Information Lab, Tableau Partner of the Year 2013, is a team of passionate Tableau software professionals. We are a Tableau UK Gold Partner and one of the longest standing Tableau partners in the UK with experience of all aspects of both Tableau Desktop and Tableau Server. Our team are skilled at working with data and we are all certified Tableau consultants."], "lang"=>["en-us"], "opengraph"=>[{"site_name"=>"The Information Lab", "description"=>"The Information Lab, Tableau Partner of the Year 2013, is a team of passionate Tableau software professionals. We are a Tableau UK Gold Partner and one of the longest standing Tableau partners in the UK with experience of all aspects of both Tableau Desktop and Tableau Server. Our team are skilled at working with data and we are all certified Tableau consultants.", "type"=>"article", "url"=>"http://www.theinformationlab.co.uk/2012/11/19/why-is-my-tableau-viz-slow/", "image"=>"http://www.theinformationlab.co.uk/wp-content/uploads/2012/11/ScreenShot003_thumb2.jpg", "title"=>"Why is my Tableau viz slow? - The Information Lab"}], "twitter"=>[{"description"=>"We all know and love Tableau to be the best BI tool to enable you to quickl", "card"=>"summary", "url"=>"http://www.theinformationlab.co.uk/2012/11/19/why-is-my-tableau-viz-slow/", "title"=>"Why is my Tableau viz slow?"}]}, "normalized_url"=>["http://theinformationlab.co.uk/2012/11/19/why-is-my-tableau-viz-slow"], "retweet_count"=>[0], "title"=>["Why is my Tableau viz slow? - The Information Lab"], "url"=>["http://www.theinformationlab.co.uk/2012/11/19/why-is-my-tableau-viz-slow/"]}, "salience"=>{"content"=>{"sentiment"=>-8}}, "twitter"=>{"created_at"=>"Fri, 03 Jan 2014 04:29:10 +0000", "display_urls"=>["theinformationlab.co.uk/2012/11/19/why…"], "domains"=>["www.theinformationlab.co.uk"], "filter_level"=>"medium", "id"=>"418962215064977408", "lang"=>"en", "links"=>["http://www.theinformationlab.co.uk/2012/11/19/why-is-my-tableau-viz-slow/"], "source"=>"web", "text"=>"Tableau can be so slow! Found this though: http://t.co/Thznv7LXG5", "user"=>{"created_at"=>"Wed, 19 Mar 2008 17:40:00 +0000", "description"=>"Fanatic of information and innovation", "favourites_count"=>1, "followers_count"=>151, "friends_count"=>235, "geo_enabled"=>true, "id"=>14178358, "id_str"=>"14178358", "lang"=>"en", "listed_count"=>9, "location"=>"San Francisco, CA", "name"=>"Jessica Santana", "profile_image_url"=>"http://pbs.twimg.com/profile_images/548734397/writerFocus_normal.jpg", "profile_image_url_https"=>"https://pbs.twimg.com/profile_images/548734397/writerFocus_normal.jpg", "screen_name"=>"JJSantana", "statuses_count"=>165, "time_zone"=>"Pacific Time (US & Canada)", "url"=>"http://www.linkedin.com/in/jessicasantana", "utc_offset"=>-28800, "verified"=>false}}}}
Completed 200 OK in 1ms (Views: 0.1ms | ActiveRecord: 0.0ms)


Started POST "/main/webhook.json" for 127.0.0.1 at 2014-03-05 16:55:09 -0800
  [1m[36mActiveRecord::SchemaMigration Load (0.4ms)[0m  [1mSELECT "schema_migrations".* FROM "schema_migrations"[0m
Processing by MainController#webhook as JSON
  Parameters: {"demographic"=>{"gender"=>"female"}, "interaction"=>{"author"=>{"avatar"=>"http://pbs.twimg.com/profile_images/548734397/writerFocus_normal.jpg", "id"=>14178358, "language"=>"en", "link"=>"http://twitter.com/JJSantana", "name"=>"Jessica Santana", "username"=>"JJSantana"}, "content"=>"Tableau can be so slow! Found this though: http://t.co/Thznv7LXG5", "created_at"=>"Fri, 03 Jan 2014 04:29:10 +0000", "id"=>"1e3742f972f6af00e074d5eef71c639e", "link"=>"http://twitter.com/JJSantana/status/418962215064977408", "received_at"=>4743611535899367362, "schema"=>{"version"=>3}, "source"=>"web", "type"=>"twitter"}, "klout"=>{"score"=>22}, "language"=>{"confidence"=>100, "tag"=>"en"}, "links"=>{"code"=>[200], "created_at"=>["Fri, 03 Jan 2014 04:29:11 +0000"], "meta"=>{"charset"=>["UTF-8"], "content_type"=>["text/html"], "description"=>["The Information Lab, Tableau Partner of the Year 2013, is a team of passionate Tableau software professionals. We are a Tableau UK Gold Partner and one of the longest standing Tableau partners in the UK with experience of all aspects of both Tableau Desktop and Tableau Server. Our team are skilled at working with data and we are all certified Tableau consultants."], "lang"=>["en-us"], "opengraph"=>[{"site_name"=>"The Information Lab", "description"=>"The Information Lab, Tableau Partner of the Year 2013, is a team of passionate Tableau software professionals. We are a Tableau UK Gold Partner and one of the longest standing Tableau partners in the UK with experience of all aspects of both Tableau Desktop and Tableau Server. Our team are skilled at working with data and we are all certified Tableau consultants.", "type"=>"article", "url"=>"http://www.theinformationlab.co.uk/2012/11/19/why-is-my-tableau-viz-slow/", "image"=>"http://www.theinformationlab.co.uk/wp-content/uploads/2012/11/ScreenShot003_thumb2.jpg", "title"=>"Why is my Tableau viz slow? - The Information Lab"}], "twitter"=>[{"description"=>"We all know and love Tableau to be the best BI tool to enable you to quickl", "card"=>"summary", "url"=>"http://www.theinformationlab.co.uk/2012/11/19/why-is-my-tableau-viz-slow/", "title"=>"Why is my Tableau viz slow?"}]}, "normalized_url"=>["http://theinformationlab.co.uk/2012/11/19/why-is-my-tableau-viz-slow"], "retweet_count"=>[0], "title"=>["Why is my Tableau viz slow? - The Information Lab"], "url"=>["http://www.theinformationlab.co.uk/2012/11/19/why-is-my-tableau-viz-slow/"]}, "salience"=>{"content"=>{"sentiment"=>-8}}, "twitter"=>{"created_at"=>"Fri, 03 Jan 2014 04:29:10 +0000", "display_urls"=>["theinformationlab.co.uk/2012/11/19/why…"], "domains"=>["www.theinformationlab.co.uk"], "filter_level"=>"medium", "id"=>"418962215064977408", "lang"=>"en", "links"=>["http://www.theinformationlab.co.uk/2012/11/19/why-is-my-tableau-viz-slow/"], "source"=>"web", "text"=>"Tableau can be so slow! Found this though: http://t.co/Thznv7LXG5", "user"=>{"created_at"=>"Wed, 19 Mar 2008 17:40:00 +0000", "description"=>"Fanatic of information and innovation", "favourites_count"=>1, "followers_count"=>151, "friends_count"=>235, "geo_enabled"=>true, "id"=>14178358, "id_str"=>"14178358", "lang"=>"en", "listed_count"=>9, "location"=>"San Francisco, CA", "name"=>"Jessica Santana", "profile_image_url"=>"http://pbs.twimg.com/profile_images/548734397/writerFocus_normal.jpg", "profile_image_url_https"=>"https://pbs.twimg.com/profile_images/548734397/writerFocus_normal.jpg", "screen_name"=>"JJSantana", "statuses_count"=>165, "time_zone"=>"Pacific Time (US & Canada)", "url"=>"http://www.linkedin.com/in/jessicasantana", "utc_offset"=>-28800, "verified"=>false}}, "main"=>{"demographic"=>{"gender"=>"female"}, "interaction"=>{"author"=>{"avatar"=>"http://pbs.twimg.com/profile_images/548734397/writerFocus_normal.jpg", "id"=>14178358, "language"=>"en", "link"=>"http://twitter.com/JJSantana", "name"=>"Jessica Santana", "username"=>"JJSantana"}, "content"=>"Tableau can be so slow! Found this though: http://t.co/Thznv7LXG5", "created_at"=>"Fri, 03 Jan 2014 04:29:10 +0000", "id"=>"1e3742f972f6af00e074d5eef71c639e", "link"=>"http://twitter.com/JJSantana/status/418962215064977408", "received_at"=>4743611535899367362, "schema"=>{"version"=>3}, "source"=>"web", "type"=>"twitter"}, "klout"=>{"score"=>22}, "language"=>{"confidence"=>100, "tag"=>"en"}, "links"=>{"code"=>[200], "created_at"=>["Fri, 03 Jan 2014 04:29:11 +0000"], "meta"=>{"charset"=>["UTF-8"], "content_type"=>["text/html"], "description"=>["The Information Lab, Tableau Partner of the Year 2013, is a team of passionate Tableau software professionals. We are a Tableau UK Gold Partner and one of the longest standing Tableau partners in the UK with experience of all aspects of both Tableau Desktop and Tableau Server. Our team are skilled at working with data and we are all certified Tableau consultants."], "lang"=>["en-us"], "opengraph"=>[{"site_name"=>"The Information Lab", "description"=>"The Information Lab, Tableau Partner of the Year 2013, is a team of passionate Tableau software professionals. We are a Tableau UK Gold Partner and one of the longest standing Tableau partners in the UK with experience of all aspects of both Tableau Desktop and Tableau Server. Our team are skilled at working with data and we are all certified Tableau consultants.", "type"=>"article", "url"=>"http://www.theinformationlab.co.uk/2012/11/19/why-is-my-tableau-viz-slow/", "image"=>"http://www.theinformationlab.co.uk/wp-content/uploads/2012/11/ScreenShot003_thumb2.jpg", "title"=>"Why is my Tableau viz slow? - The Information Lab"}], "twitter"=>[{"description"=>"We all know and love Tableau to be the best BI tool to enable you to quickl", "card"=>"summary", "url"=>"http://www.theinformationlab.co.uk/2012/11/19/why-is-my-tableau-viz-slow/", "title"=>"Why is my Tableau viz slow?"}]}, "normalized_url"=>["http://theinformationlab.co.uk/2012/11/19/why-is-my-tableau-viz-slow"], "retweet_count"=>[0], "title"=>["Why is my Tableau viz slow? - The Information Lab"], "url"=>["http://www.theinformationlab.co.uk/2012/11/19/why-is-my-tableau-viz-slow/"]}, "salience"=>{"content"=>{"sentiment"=>-8}}, "twitter"=>{"created_at"=>"Fri, 03 Jan 2014 04:29:10 +0000", "display_urls"=>["theinformationlab.co.uk/2012/11/19/why…"], "domains"=>["www.theinformationlab.co.uk"], "filter_level"=>"medium", "id"=>"418962215064977408", "lang"=>"en", "links"=>["http://www.theinformationlab.co.uk/2012/11/19/why-is-my-tableau-viz-slow/"], "source"=>"web", "text"=>"Tableau can be so slow! Found this though: http://t.co/Thznv7LXG5", "user"=>{"created_at"=>"Wed, 19 Mar 2008 17:40:00 +0000", "description"=>"Fanatic of information and innovation", "favourites_count"=>1, "followers_count"=>151, "friends_count"=>235, "geo_enabled"=>true, "id"=>14178358, "id_str"=>"14178358", "lang"=>"en", "listed_count"=>9, "location"=>"San Francisco, CA", "name"=>"Jessica Santana", "profile_image_url"=>"http://pbs.twimg.com/profile_images/548734397/writerFocus_normal.jpg", "profile_image_url_https"=>"https://pbs.twimg.com/profile_images/548734397/writerFocus_normal.jpg", "screen_name"=>"JJSantana", "statuses_count"=>165, "time_zone"=>"Pacific Time (US & Canada)", "url"=>"http://www.linkedin.com/in/jessicasantana", "utc_offset"=>-28800, "verified"=>false}}}}
Completed 200 OK in 13ms (Views: 0.2ms | ActiveRecord: 0.0ms)


Started POST "/main/webhook.json" for 127.0.0.1 at 2014-03-05 16:55:49 -0800
Processing by MainController#webhook as JSON
  Parameters: {"demographic"=>{"gender"=>"female"}, "interaction"=>{"author"=>{"avatar"=>"http://pbs.twimg.com/profile_images/548734397/writerFocus_normal.jpg", "id"=>14178358, "language"=>"en", "link"=>"http://twitter.com/JJSantana", "name"=>"Jessica Santana", "username"=>"JJSantana"}, "content"=>"Tableau can be so slow! Found this though: http://t.co/Thznv7LXG5", "created_at"=>"Fri, 03 Jan 2014 04:29:10 +0000", "id"=>"1e3742f972f6af00e074d5eef71c639e", "link"=>"http://twitter.com/JJSantana/status/418962215064977408", "received_at"=>4743611535899367362, "schema"=>{"version"=>3}, "source"=>"web", "type"=>"twitter"}, "klout"=>{"score"=>22}, "language"=>{"confidence"=>100, "tag"=>"en"}, "links"=>{"code"=>[200], "created_at"=>["Fri, 03 Jan 2014 04:29:11 +0000"], "meta"=>{"charset"=>["UTF-8"], "content_type"=>["text/html"], "description"=>["The Information Lab, Tableau Partner of the Year 2013, is a team of passionate Tableau software professionals. We are a Tableau UK Gold Partner and one of the longest standing Tableau partners in the UK with experience of all aspects of both Tableau Desktop and Tableau Server. Our team are skilled at working with data and we are all certified Tableau consultants."], "lang"=>["en-us"], "opengraph"=>[{"site_name"=>"The Information Lab", "description"=>"The Information Lab, Tableau Partner of the Year 2013, is a team of passionate Tableau software professionals. We are a Tableau UK Gold Partner and one of the longest standing Tableau partners in the UK with experience of all aspects of both Tableau Desktop and Tableau Server. Our team are skilled at working with data and we are all certified Tableau consultants.", "type"=>"article", "url"=>"http://www.theinformationlab.co.uk/2012/11/19/why-is-my-tableau-viz-slow/", "image"=>"http://www.theinformationlab.co.uk/wp-content/uploads/2012/11/ScreenShot003_thumb2.jpg", "title"=>"Why is my Tableau viz slow? - The Information Lab"}], "twitter"=>[{"description"=>"We all know and love Tableau to be the best BI tool to enable you to quickl", "card"=>"summary", "url"=>"http://www.theinformationlab.co.uk/2012/11/19/why-is-my-tableau-viz-slow/", "title"=>"Why is my Tableau viz slow?"}]}, "normalized_url"=>["http://theinformationlab.co.uk/2012/11/19/why-is-my-tableau-viz-slow"], "retweet_count"=>[0], "title"=>["Why is my Tableau viz slow? - The Information Lab"], "url"=>["http://www.theinformationlab.co.uk/2012/11/19/why-is-my-tableau-viz-slow/"]}, "salience"=>{"content"=>{"sentiment"=>-8}}, "twitter"=>{"created_at"=>"Fri, 03 Jan 2014 04:29:10 +0000", "display_urls"=>["theinformationlab.co.uk/2012/11/19/why…"], "domains"=>["www.theinformationlab.co.uk"], "filter_level"=>"medium", "id"=>"418962215064977408", "lang"=>"en", "links"=>["http://www.theinformationlab.co.uk/2012/11/19/why-is-my-tableau-viz-slow/"], "source"=>"web", "text"=>"Tableau can be so slow! Found this though: http://t.co/Thznv7LXG5", "user"=>{"created_at"=>"Wed, 19 Mar 2008 17:40:00 +0000", "description"=>"Fanatic of information and innovation", "favourites_count"=>1, "followers_count"=>151, "friends_count"=>235, "geo_enabled"=>true, "id"=>14178358, "id_str"=>"14178358", "lang"=>"en", "listed_count"=>9, "location"=>"San Francisco, CA", "name"=>"Jessica Santana", "profile_image_url"=>"http://pbs.twimg.com/profile_images/548734397/writerFocus_normal.jpg", "profile_image_url_https"=>"https://pbs.twimg.com/profile_images/548734397/writerFocus_normal.jpg", "screen_name"=>"JJSantana", "statuses_count"=>165, "time_zone"=>"Pacific Time (US & Canada)", "url"=>"http://www.linkedin.com/in/jessicasantana", "utc_offset"=>-28800, "verified"=>false}}, "main"=>{"demographic"=>{"gender"=>"female"}, "interaction"=>{"author"=>{"avatar"=>"http://pbs.twimg.com/profile_images/548734397/writerFocus_normal.jpg", "id"=>14178358, "language"=>"en", "link"=>"http://twitter.com/JJSantana", "name"=>"Jessica Santana", "username"=>"JJSantana"}, "content"=>"Tableau can be so slow! Found this though: http://t.co/Thznv7LXG5", "created_at"=>"Fri, 03 Jan 2014 04:29:10 +0000", "id"=>"1e3742f972f6af00e074d5eef71c639e", "link"=>"http://twitter.com/JJSantana/status/418962215064977408", "received_at"=>4743611535899367362, "schema"=>{"version"=>3}, "source"=>"web", "type"=>"twitter"}, "klout"=>{"score"=>22}, "language"=>{"confidence"=>100, "tag"=>"en"}, "links"=>{"code"=>[200], "created_at"=>["Fri, 03 Jan 2014 04:29:11 +0000"], "meta"=>{"charset"=>["UTF-8"], "content_type"=>["text/html"], "description"=>["The Information Lab, Tableau Partner of the Year 2013, is a team of passionate Tableau software professionals. We are a Tableau UK Gold Partner and one of the longest standing Tableau partners in the UK with experience of all aspects of both Tableau Desktop and Tableau Server. Our team are skilled at working with data and we are all certified Tableau consultants."], "lang"=>["en-us"], "opengraph"=>[{"site_name"=>"The Information Lab", "description"=>"The Information Lab, Tableau Partner of the Year 2013, is a team of passionate Tableau software professionals. We are a Tableau UK Gold Partner and one of the longest standing Tableau partners in the UK with experience of all aspects of both Tableau Desktop and Tableau Server. Our team are skilled at working with data and we are all certified Tableau consultants.", "type"=>"article", "url"=>"http://www.theinformationlab.co.uk/2012/11/19/why-is-my-tableau-viz-slow/", "image"=>"http://www.theinformationlab.co.uk/wp-content/uploads/2012/11/ScreenShot003_thumb2.jpg", "title"=>"Why is my Tableau viz slow? - The Information Lab"}], "twitter"=>[{"description"=>"We all know and love Tableau to be the best BI tool to enable you to quickl", "card"=>"summary", "url"=>"http://www.theinformationlab.co.uk/2012/11/19/why-is-my-tableau-viz-slow/", "title"=>"Why is my Tableau viz slow?"}]}, "normalized_url"=>["http://theinformationlab.co.uk/2012/11/19/why-is-my-tableau-viz-slow"], "retweet_count"=>[0], "title"=>["Why is my Tableau viz slow? - The Information Lab"], "url"=>["http://www.theinformationlab.co.uk/2012/11/19/why-is-my-tableau-viz-slow/"]}, "salience"=>{"content"=>{"sentiment"=>-8}}, "twitter"=>{"created_at"=>"Fri, 03 Jan 2014 04:29:10 +0000", "display_urls"=>["theinformationlab.co.uk/2012/11/19/why…"], "domains"=>["www.theinformationlab.co.uk"], "filter_level"=>"medium", "id"=>"418962215064977408", "lang"=>"en", "links"=>["http://www.theinformationlab.co.uk/2012/11/19/why-is-my-tableau-viz-slow/"], "source"=>"web", "text"=>"Tableau can be so slow! Found this though: http://t.co/Thznv7LXG5", "user"=>{"created_at"=>"Wed, 19 Mar 2008 17:40:00 +0000", "description"=>"Fanatic of information and innovation", "favourites_count"=>1, "followers_count"=>151, "friends_count"=>235, "geo_enabled"=>true, "id"=>14178358, "id_str"=>"14178358", "lang"=>"en", "listed_count"=>9, "location"=>"San Francisco, CA", "name"=>"Jessica Santana", "profile_image_url"=>"http://pbs.twimg.com/profile_images/548734397/writerFocus_normal.jpg", "profile_image_url_https"=>"https://pbs.twimg.com/profile_images/548734397/writerFocus_normal.jpg", "screen_name"=>"JJSantana", "statuses_count"=>165, "time_zone"=>"Pacific Time (US & Canada)", "url"=>"http://www.linkedin.com/in/jessicasantana", "utc_offset"=>-28800, "verified"=>false}}}}
Completed 200 OK in 1ms (Views: 0.1ms | ActiveRecord: 0.0ms)


Started POST "/main/webhook.json" for 127.0.0.1 at 2014-03-05 16:56:22 -0800
Processing by MainController#webhook as JSON
  Parameters: {"demographic"=>{"gender"=>"female"}, "interaction"=>{"author"=>{"avatar"=>"http://pbs.twimg.com/profile_images/548734397/writerFocus_normal.jpg", "id"=>14178358, "language"=>"en", "link"=>"http://twitter.com/JJSantana", "name"=>"Jessica Santana", "username"=>"JJSantana"}, "content"=>"Tableau can be so slow! Found this though: http://t.co/Thznv7LXG5", "created_at"=>"Fri, 03 Jan 2014 04:29:10 +0000", "id"=>"1e3742f972f6af00e074d5eef71c639e", "link"=>"http://twitter.com/JJSantana/status/418962215064977408", "received_at"=>4743611535899367362, "schema"=>{"version"=>3}, "source"=>"web", "type"=>"twitter"}, "klout"=>{"score"=>22}, "language"=>{"confidence"=>100, "tag"=>"en"}, "links"=>{"code"=>[200], "created_at"=>["Fri, 03 Jan 2014 04:29:11 +0000"], "meta"=>{"charset"=>["UTF-8"], "content_type"=>["text/html"], "description"=>["The Information Lab, Tableau Partner of the Year 2013, is a team of passionate Tableau software professionals. We are a Tableau UK Gold Partner and one of the longest standing Tableau partners in the UK with experience of all aspects of both Tableau Desktop and Tableau Server. Our team are skilled at working with data and we are all certified Tableau consultants."], "lang"=>["en-us"], "opengraph"=>[{"site_name"=>"The Information Lab", "description"=>"The Information Lab, Tableau Partner of the Year 2013, is a team of passionate Tableau software professionals. We are a Tableau UK Gold Partner and one of the longest standing Tableau partners in the UK with experience of all aspects of both Tableau Desktop and Tableau Server. Our team are skilled at working with data and we are all certified Tableau consultants.", "type"=>"article", "url"=>"http://www.theinformationlab.co.uk/2012/11/19/why-is-my-tableau-viz-slow/", "image"=>"http://www.theinformationlab.co.uk/wp-content/uploads/2012/11/ScreenShot003_thumb2.jpg", "title"=>"Why is my Tableau viz slow? - The Information Lab"}], "twitter"=>[{"description"=>"We all know and love Tableau to be the best BI tool to enable you to quickl", "card"=>"summary", "url"=>"http://www.theinformationlab.co.uk/2012/11/19/why-is-my-tableau-viz-slow/", "title"=>"Why is my Tableau viz slow?"}]}, "normalized_url"=>["http://theinformationlab.co.uk/2012/11/19/why-is-my-tableau-viz-slow"], "retweet_count"=>[0], "title"=>["Why is my Tableau viz slow? - The Information Lab"], "url"=>["http://www.theinformationlab.co.uk/2012/11/19/why-is-my-tableau-viz-slow/"]}, "salience"=>{"content"=>{"sentiment"=>-8}}, "twitter"=>{"created_at"=>"Fri, 03 Jan 2014 04:29:10 +0000", "display_urls"=>["theinformationlab.co.uk/2012/11/19/why…"], "domains"=>["www.theinformationlab.co.uk"], "filter_level"=>"medium", "id"=>"418962215064977408", "lang"=>"en", "links"=>["http://www.theinformationlab.co.uk/2012/11/19/why-is-my-tableau-viz-slow/"], "source"=>"web", "text"=>"Tableau can be so slow! Found this though: http://t.co/Thznv7LXG5", "user"=>{"created_at"=>"Wed, 19 Mar 2008 17:40:00 +0000", "description"=>"Fanatic of information and innovation", "favourites_count"=>1, "followers_count"=>151, "friends_count"=>235, "geo_enabled"=>true, "id"=>14178358, "id_str"=>"14178358", "lang"=>"en", "listed_count"=>9, "location"=>"San Francisco, CA", "name"=>"Jessica Santana", "profile_image_url"=>"http://pbs.twimg.com/profile_images/548734397/writerFocus_normal.jpg", "profile_image_url_https"=>"https://pbs.twimg.com/profile_images/548734397/writerFocus_normal.jpg", "screen_name"=>"JJSantana", "statuses_count"=>165, "time_zone"=>"Pacific Time (US & Canada)", "url"=>"http://www.linkedin.com/in/jessicasantana", "utc_offset"=>-28800, "verified"=>false}}, "main"=>{"demographic"=>{"gender"=>"female"}, "interaction"=>{"author"=>{"avatar"=>"http://pbs.twimg.com/profile_images/548734397/writerFocus_normal.jpg", "id"=>14178358, "language"=>"en", "link"=>"http://twitter.com/JJSantana", "name"=>"Jessica Santana", "username"=>"JJSantana"}, "content"=>"Tableau can be so slow! Found this though: http://t.co/Thznv7LXG5", "created_at"=>"Fri, 03 Jan 2014 04:29:10 +0000", "id"=>"1e3742f972f6af00e074d5eef71c639e", "link"=>"http://twitter.com/JJSantana/status/418962215064977408", "received_at"=>4743611535899367362, "schema"=>{"version"=>3}, "source"=>"web", "type"=>"twitter"}, "klout"=>{"score"=>22}, "language"=>{"confidence"=>100, "tag"=>"en"}, "links"=>{"code"=>[200], "created_at"=>["Fri, 03 Jan 2014 04:29:11 +0000"], "meta"=>{"charset"=>["UTF-8"], "content_type"=>["text/html"], "description"=>["The Information Lab, Tableau Partner of the Year 2013, is a team of passionate Tableau software professionals. We are a Tableau UK Gold Partner and one of the longest standing Tableau partners in the UK with experience of all aspects of both Tableau Desktop and Tableau Server. Our team are skilled at working with data and we are all certified Tableau consultants."], "lang"=>["en-us"], "opengraph"=>[{"site_name"=>"The Information Lab", "description"=>"The Information Lab, Tableau Partner of the Year 2013, is a team of passionate Tableau software professionals. We are a Tableau UK Gold Partner and one of the longest standing Tableau partners in the UK with experience of all aspects of both Tableau Desktop and Tableau Server. Our team are skilled at working with data and we are all certified Tableau consultants.", "type"=>"article", "url"=>"http://www.theinformationlab.co.uk/2012/11/19/why-is-my-tableau-viz-slow/", "image"=>"http://www.theinformationlab.co.uk/wp-content/uploads/2012/11/ScreenShot003_thumb2.jpg", "title"=>"Why is my Tableau viz slow? - The Information Lab"}], "twitter"=>[{"description"=>"We all know and love Tableau to be the best BI tool to enable you to quickl", "card"=>"summary", "url"=>"http://www.theinformationlab.co.uk/2012/11/19/why-is-my-tableau-viz-slow/", "title"=>"Why is my Tableau viz slow?"}]}, "normalized_url"=>["http://theinformationlab.co.uk/2012/11/19/why-is-my-tableau-viz-slow"], "retweet_count"=>[0], "title"=>["Why is my Tableau viz slow? - The Information Lab"], "url"=>["http://www.theinformationlab.co.uk/2012/11/19/why-is-my-tableau-viz-slow/"]}, "salience"=>{"content"=>{"sentiment"=>-8}}, "twitter"=>{"created_at"=>"Fri, 03 Jan 2014 04:29:10 +0000", "display_urls"=>["theinformationlab.co.uk/2012/11/19/why…"], "domains"=>["www.theinformationlab.co.uk"], "filter_level"=>"medium", "id"=>"418962215064977408", "lang"=>"en", "links"=>["http://www.theinformationlab.co.uk/2012/11/19/why-is-my-tableau-viz-slow/"], "source"=>"web", "text"=>"Tableau can be so slow! Found this though: http://t.co/Thznv7LXG5", "user"=>{"created_at"=>"Wed, 19 Mar 2008 17:40:00 +0000", "description"=>"Fanatic of information and innovation", "favourites_count"=>1, "followers_count"=>151, "friends_count"=>235, "geo_enabled"=>true, "id"=>14178358, "id_str"=>"14178358", "lang"=>"en", "listed_count"=>9, "location"=>"San Francisco, CA", "name"=>"Jessica Santana", "profile_image_url"=>"http://pbs.twimg.com/profile_images/548734397/writerFocus_normal.jpg", "profile_image_url_https"=>"https://pbs.twimg.com/profile_images/548734397/writerFocus_normal.jpg", "screen_name"=>"JJSantana", "statuses_count"=>165, "time_zone"=>"Pacific Time (US & Canada)", "url"=>"http://www.linkedin.com/in/jessicasantana", "utc_offset"=>-28800, "verified"=>false}}}}
Completed 200 OK in 2ms (Views: 0.1ms | ActiveRecord: 0.0ms)


Started POST "/main/webhook.json" for 127.0.0.1 at 2014-03-05 16:57:00 -0800
Processing by MainController#webhook as JSON
  Parameters: {"demographic"=>{"gender"=>"female"}, "interaction"=>{"author"=>{"avatar"=>"http://pbs.twimg.com/profile_images/548734397/writerFocus_normal.jpg", "id"=>14178358, "language"=>"en", "link"=>"http://twitter.com/JJSantana", "name"=>"Jessica Santana", "username"=>"JJSantana"}, "content"=>"Tableau can be so slow! Found this though: http://t.co/Thznv7LXG5", "created_at"=>"Fri, 03 Jan 2014 04:29:10 +0000", "id"=>"1e3742f972f6af00e074d5eef71c639e", "link"=>"http://twitter.com/JJSantana/status/418962215064977408", "received_at"=>4743611535899367362, "schema"=>{"version"=>3}, "source"=>"web", "type"=>"twitter"}, "klout"=>{"score"=>22}, "language"=>{"confidence"=>100, "tag"=>"en"}, "links"=>{"code"=>[200], "created_at"=>["Fri, 03 Jan 2014 04:29:11 +0000"], "meta"=>{"charset"=>["UTF-8"], "content_type"=>["text/html"], "description"=>["The Information Lab, Tableau Partner of the Year 2013, is a team of passionate Tableau software professionals. We are a Tableau UK Gold Partner and one of the longest standing Tableau partners in the UK with experience of all aspects of both Tableau Desktop and Tableau Server. Our team are skilled at working with data and we are all certified Tableau consultants."], "lang"=>["en-us"], "opengraph"=>[{"site_name"=>"The Information Lab", "description"=>"The Information Lab, Tableau Partner of the Year 2013, is a team of passionate Tableau software professionals. We are a Tableau UK Gold Partner and one of the longest standing Tableau partners in the UK with experience of all aspects of both Tableau Desktop and Tableau Server. Our team are skilled at working with data and we are all certified Tableau consultants.", "type"=>"article", "url"=>"http://www.theinformationlab.co.uk/2012/11/19/why-is-my-tableau-viz-slow/", "image"=>"http://www.theinformationlab.co.uk/wp-content/uploads/2012/11/ScreenShot003_thumb2.jpg", "title"=>"Why is my Tableau viz slow? - The Information Lab"}], "twitter"=>[{"description"=>"We all know and love Tableau to be the best BI tool to enable you to quickl", "card"=>"summary", "url"=>"http://www.theinformationlab.co.uk/2012/11/19/why-is-my-tableau-viz-slow/", "title"=>"Why is my Tableau viz slow?"}]}, "normalized_url"=>["http://theinformationlab.co.uk/2012/11/19/why-is-my-tableau-viz-slow"], "retweet_count"=>[0], "title"=>["Why is my Tableau viz slow? - The Information Lab"], "url"=>["http://www.theinformationlab.co.uk/2012/11/19/why-is-my-tableau-viz-slow/"]}, "salience"=>{"content"=>{"sentiment"=>-8}}, "twitter"=>{"created_at"=>"Fri, 03 Jan 2014 04:29:10 +0000", "display_urls"=>["theinformationlab.co.uk/2012/11/19/why…"], "domains"=>["www.theinformationlab.co.uk"], "filter_level"=>"medium", "id"=>"418962215064977408", "lang"=>"en", "links"=>["http://www.theinformationlab.co.uk/2012/11/19/why-is-my-tableau-viz-slow/"], "source"=>"web", "text"=>"Tableau can be so slow! Found this though: http://t.co/Thznv7LXG5", "user"=>{"created_at"=>"Wed, 19 Mar 2008 17:40:00 +0000", "description"=>"Fanatic of information and innovation", "favourites_count"=>1, "followers_count"=>151, "friends_count"=>235, "geo_enabled"=>true, "id"=>14178358, "id_str"=>"14178358", "lang"=>"en", "listed_count"=>9, "location"=>"San Francisco, CA", "name"=>"Jessica Santana", "profile_image_url"=>"http://pbs.twimg.com/profile_images/548734397/writerFocus_normal.jpg", "profile_image_url_https"=>"https://pbs.twimg.com/profile_images/548734397/writerFocus_normal.jpg", "screen_name"=>"JJSantana", "statuses_count"=>165, "time_zone"=>"Pacific Time (US & Canada)", "url"=>"http://www.linkedin.com/in/jessicasantana", "utc_offset"=>-28800, "verified"=>false}}, "main"=>{"demographic"=>{"gender"=>"female"}, "interaction"=>{"author"=>{"avatar"=>"http://pbs.twimg.com/profile_images/548734397/writerFocus_normal.jpg", "id"=>14178358, "language"=>"en", "link"=>"http://twitter.com/JJSantana", "name"=>"Jessica Santana", "username"=>"JJSantana"}, "content"=>"Tableau can be so slow! Found this though: http://t.co/Thznv7LXG5", "created_at"=>"Fri, 03 Jan 2014 04:29:10 +0000", "id"=>"1e3742f972f6af00e074d5eef71c639e", "link"=>"http://twitter.com/JJSantana/status/418962215064977408", "received_at"=>4743611535899367362, "schema"=>{"version"=>3}, "source"=>"web", "type"=>"twitter"}, "klout"=>{"score"=>22}, "language"=>{"confidence"=>100, "tag"=>"en"}, "links"=>{"code"=>[200], "created_at"=>["Fri, 03 Jan 2014 04:29:11 +0000"], "meta"=>{"charset"=>["UTF-8"], "content_type"=>["text/html"], "description"=>["The Information Lab, Tableau Partner of the Year 2013, is a team of passionate Tableau software professionals. We are a Tableau UK Gold Partner and one of the longest standing Tableau partners in the UK with experience of all aspects of both Tableau Desktop and Tableau Server. Our team are skilled at working with data and we are all certified Tableau consultants."], "lang"=>["en-us"], "opengraph"=>[{"site_name"=>"The Information Lab", "description"=>"The Information Lab, Tableau Partner of the Year 2013, is a team of passionate Tableau software professionals. We are a Tableau UK Gold Partner and one of the longest standing Tableau partners in the UK with experience of all aspects of both Tableau Desktop and Tableau Server. Our team are skilled at working with data and we are all certified Tableau consultants.", "type"=>"article", "url"=>"http://www.theinformationlab.co.uk/2012/11/19/why-is-my-tableau-viz-slow/", "image"=>"http://www.theinformationlab.co.uk/wp-content/uploads/2012/11/ScreenShot003_thumb2.jpg", "title"=>"Why is my Tableau viz slow? - The Information Lab"}], "twitter"=>[{"description"=>"We all know and love Tableau to be the best BI tool to enable you to quickl", "card"=>"summary", "url"=>"http://www.theinformationlab.co.uk/2012/11/19/why-is-my-tableau-viz-slow/", "title"=>"Why is my Tableau viz slow?"}]}, "normalized_url"=>["http://theinformationlab.co.uk/2012/11/19/why-is-my-tableau-viz-slow"], "retweet_count"=>[0], "title"=>["Why is my Tableau viz slow? - The Information Lab"], "url"=>["http://www.theinformationlab.co.uk/2012/11/19/why-is-my-tableau-viz-slow/"]}, "salience"=>{"content"=>{"sentiment"=>-8}}, "twitter"=>{"created_at"=>"Fri, 03 Jan 2014 04:29:10 +0000", "display_urls"=>["theinformationlab.co.uk/2012/11/19/why…"], "domains"=>["www.theinformationlab.co.uk"], "filter_level"=>"medium", "id"=>"418962215064977408", "lang"=>"en", "links"=>["http://www.theinformationlab.co.uk/2012/11/19/why-is-my-tableau-viz-slow/"], "source"=>"web", "text"=>"Tableau can be so slow! Found this though: http://t.co/Thznv7LXG5", "user"=>{"created_at"=>"Wed, 19 Mar 2008 17:40:00 +0000", "description"=>"Fanatic of information and innovation", "favourites_count"=>1, "followers_count"=>151, "friends_count"=>235, "geo_enabled"=>true, "id"=>14178358, "id_str"=>"14178358", "lang"=>"en", "listed_count"=>9, "location"=>"San Francisco, CA", "name"=>"Jessica Santana", "profile_image_url"=>"http://pbs.twimg.com/profile_images/548734397/writerFocus_normal.jpg", "profile_image_url_https"=>"https://pbs.twimg.com/profile_images/548734397/writerFocus_normal.jpg", "screen_name"=>"JJSantana", "statuses_count"=>165, "time_zone"=>"Pacific Time (US & Canada)", "url"=>"http://www.linkedin.com/in/jessicasantana", "utc_offset"=>-28800, "verified"=>false}}}}
Completed 200 OK in 0ms (Views: 0.1ms | ActiveRecord: 0.0ms)


Started POST "/main/webhook.json" for 127.0.0.1 at 2014-03-05 17:36:34 -0800
  [1m[36mActiveRecord::SchemaMigration Load (0.4ms)[0m  [1mSELECT "schema_migrations".* FROM "schema_migrations"[0m
Processing by MainController#webhook as JSON
  Parameters: {"demographic"=>{"gender"=>"female"}, "interaction"=>{"author"=>{"avatar"=>"http://pbs.twimg.com/profile_images/548734397/writerFocus_normal.jpg", "id"=>14178358, "language"=>"en", "link"=>"http://twitter.com/JJSantana", "name"=>"Jessica Santana", "username"=>"JJSantana"}, "content"=>"Tableau can be so slow! Found this though: http://t.co/Thznv7LXG5", "created_at"=>"Fri, 03 Jan 2014 04:29:10 +0000", "id"=>"1e3742f972f6af00e074d5eef71c639e", "link"=>"http://twitter.com/JJSantana/status/418962215064977408", "received_at"=>4743611535899367362, "schema"=>{"version"=>3}, "source"=>"web", "type"=>"twitter"}, "klout"=>{"score"=>22}, "language"=>{"confidence"=>100, "tag"=>"en"}, "links"=>{"code"=>[200], "created_at"=>["Fri, 03 Jan 2014 04:29:11 +0000"], "meta"=>{"charset"=>["UTF-8"], "content_type"=>["text/html"], "description"=>["The Information Lab, Tableau Partner of the Year 2013, is a team of passionate Tableau software professionals. We are a Tableau UK Gold Partner and one of the longest standing Tableau partners in the UK with experience of all aspects of both Tableau Desktop and Tableau Server. Our team are skilled at working with data and we are all certified Tableau consultants."], "lang"=>["en-us"], "opengraph"=>[{"site_name"=>"The Information Lab", "description"=>"The Information Lab, Tableau Partner of the Year 2013, is a team of passionate Tableau software professionals. We are a Tableau UK Gold Partner and one of the longest standing Tableau partners in the UK with experience of all aspects of both Tableau Desktop and Tableau Server. Our team are skilled at working with data and we are all certified Tableau consultants.", "type"=>"article", "url"=>"http://www.theinformationlab.co.uk/2012/11/19/why-is-my-tableau-viz-slow/", "image"=>"http://www.theinformationlab.co.uk/wp-content/uploads/2012/11/ScreenShot003_thumb2.jpg", "title"=>"Why is my Tableau viz slow? - The Information Lab"}], "twitter"=>[{"description"=>"We all know and love Tableau to be the best BI tool to enable you to quickl", "card"=>"summary", "url"=>"http://www.theinformationlab.co.uk/2012/11/19/why-is-my-tableau-viz-slow/", "title"=>"Why is my Tableau viz slow?"}]}, "normalized_url"=>["http://theinformationlab.co.uk/2012/11/19/why-is-my-tableau-viz-slow"], "retweet_count"=>[0], "title"=>["Why is my Tableau viz slow? - The Information Lab"], "url"=>["http://www.theinformationlab.co.uk/2012/11/19/why-is-my-tableau-viz-slow/"]}, "salience"=>{"content"=>{"sentiment"=>-8}}, "twitter"=>{"created_at"=>"Fri, 03 Jan 2014 04:29:10 +0000", "display_urls"=>["theinformationlab.co.uk/2012/11/19/why…"], "domains"=>["www.theinformationlab.co.uk"], "filter_level"=>"medium", "id"=>"418962215064977408", "lang"=>"en", "links"=>["http://www.theinformationlab.co.uk/2012/11/19/why-is-my-tableau-viz-slow/"], "source"=>"web", "text"=>"Tableau can be so slow! Found this though: http://t.co/Thznv7LXG5", "user"=>{"created_at"=>"Wed, 19 Mar 2008 17:40:00 +0000", "description"=>"Fanatic of information and innovation", "favourites_count"=>1, "followers_count"=>151, "friends_count"=>235, "geo_enabled"=>true, "id"=>14178358, "id_str"=>"14178358", "lang"=>"en", "listed_count"=>9, "location"=>"San Francisco, CA", "name"=>"Jessica Santana", "profile_image_url"=>"http://pbs.twimg.com/profile_images/548734397/writerFocus_normal.jpg", "profile_image_url_https"=>"https://pbs.twimg.com/profile_images/548734397/writerFocus_normal.jpg", "screen_name"=>"JJSantana", "statuses_count"=>165, "time_zone"=>"Pacific Time (US & Canada)", "url"=>"http://www.linkedin.com/in/jessicasantana", "utc_offset"=>-28800, "verified"=>false}}, "main"=>{"demographic"=>{"gender"=>"female"}, "interaction"=>{"author"=>{"avatar"=>"http://pbs.twimg.com/profile_images/548734397/writerFocus_normal.jpg", "id"=>14178358, "language"=>"en", "link"=>"http://twitter.com/JJSantana", "name"=>"Jessica Santana", "username"=>"JJSantana"}, "content"=>"Tableau can be so slow! Found this though: http://t.co/Thznv7LXG5", "created_at"=>"Fri, 03 Jan 2014 04:29:10 +0000", "id"=>"1e3742f972f6af00e074d5eef71c639e", "link"=>"http://twitter.com/JJSantana/status/418962215064977408", "received_at"=>4743611535899367362, "schema"=>{"version"=>3}, "source"=>"web", "type"=>"twitter"}, "klout"=>{"score"=>22}, "language"=>{"confidence"=>100, "tag"=>"en"}, "links"=>{"code"=>[200], "created_at"=>["Fri, 03 Jan 2014 04:29:11 +0000"], "meta"=>{"charset"=>["UTF-8"], "content_type"=>["text/html"], "description"=>["The Information Lab, Tableau Partner of the Year 2013, is a team of passionate Tableau software professionals. We are a Tableau UK Gold Partner and one of the longest standing Tableau partners in the UK with experience of all aspects of both Tableau Desktop and Tableau Server. Our team are skilled at working with data and we are all certified Tableau consultants."], "lang"=>["en-us"], "opengraph"=>[{"site_name"=>"The Information Lab", "description"=>"The Information Lab, Tableau Partner of the Year 2013, is a team of passionate Tableau software professionals. We are a Tableau UK Gold Partner and one of the longest standing Tableau partners in the UK with experience of all aspects of both Tableau Desktop and Tableau Server. Our team are skilled at working with data and we are all certified Tableau consultants.", "type"=>"article", "url"=>"http://www.theinformationlab.co.uk/2012/11/19/why-is-my-tableau-viz-slow/", "image"=>"http://www.theinformationlab.co.uk/wp-content/uploads/2012/11/ScreenShot003_thumb2.jpg", "title"=>"Why is my Tableau viz slow? - The Information Lab"}], "twitter"=>[{"description"=>"We all know and love Tableau to be the best BI tool to enable you to quickl", "card"=>"summary", "url"=>"http://www.theinformationlab.co.uk/2012/11/19/why-is-my-tableau-viz-slow/", "title"=>"Why is my Tableau viz slow?"}]}, "normalized_url"=>["http://theinformationlab.co.uk/2012/11/19/why-is-my-tableau-viz-slow"], "retweet_count"=>[0], "title"=>["Why is my Tableau viz slow? - The Information Lab"], "url"=>["http://www.theinformationlab.co.uk/2012/11/19/why-is-my-tableau-viz-slow/"]}, "salience"=>{"content"=>{"sentiment"=>-8}}, "twitter"=>{"created_at"=>"Fri, 03 Jan 2014 04:29:10 +0000", "display_urls"=>["theinformationlab.co.uk/2012/11/19/why…"], "domains"=>["www.theinformationlab.co.uk"], "filter_level"=>"medium", "id"=>"418962215064977408", "lang"=>"en", "links"=>["http://www.theinformationlab.co.uk/2012/11/19/why-is-my-tableau-viz-slow/"], "source"=>"web", "text"=>"Tableau can be so slow! Found this though: http://t.co/Thznv7LXG5", "user"=>{"created_at"=>"Wed, 19 Mar 2008 17:40:00 +0000", "description"=>"Fanatic of information and innovation", "favourites_count"=>1, "followers_count"=>151, "friends_count"=>235, "geo_enabled"=>true, "id"=>14178358, "id_str"=>"14178358", "lang"=>"en", "listed_count"=>9, "location"=>"San Francisco, CA", "name"=>"Jessica Santana", "profile_image_url"=>"http://pbs.twimg.com/profile_images/548734397/writerFocus_normal.jpg", "profile_image_url_https"=>"https://pbs.twimg.com/profile_images/548734397/writerFocus_normal.jpg", "screen_name"=>"JJSantana", "statuses_count"=>165, "time_zone"=>"Pacific Time (US & Canada)", "url"=>"http://www.linkedin.com/in/jessicasantana", "utc_offset"=>-28800, "verified"=>false}}}}
Completed 200 OK in 23ms (Views: 0.2ms | ActiveRecord: 0.0ms)


Started POST "/main/webhook.json" for 127.0.0.1 at 2014-03-05 17:37:26 -0800
Processing by MainController#webhook as JSON
  Parameters: {"{\"demographic\":{\"gender\":\"female\"},\"interaction\":{\"author\":{\"avatar\":\"http://pbs.twimg.com/profile_images/548734397/writerFocus_normal.jpg\",\"id\":14178358,\"language\":\"en\",\"link\":\"http://twitter.com/JJSantana\",\"name\":\"Jessica Santana\",\"username\":\"JJSantana\"},\"content\":\"Tableau can be so slow! Found this though: http://t.co/Thznv7LXG5\",\"created_at\":\"Fri, 03 Jan 2014 04:29:10  0000\",\"id\":\"1e3742f972f6af00e074d5eef71c639e\",\"link\":\"http://twitter.com/JJSantana/status/418962215064977408\",\"received_at\":4743611535899367362,\"schema\":{\"version\":3},\"source\":\"web\",\"type\":\"twitter\"},\"klout\":{\"score\":22},\"language\":{\"confidence\":100,\"tag\":\"en\"},\"links\":{\"code\":"=>{"200"=>{",\"created_at\":"=>{"\"Fri, 03 Jan 2014 04:29:11  0000\""=>{",\"meta\":{\"charset\":"=>{"\"UTF-8\""=>{",\"content_type\":"=>{"\"text/html\""=>{",\"description\":"=>{"\"The Information Lab, Tableau Partner of the Year 2013, is a team of passionate Tableau software professionals. We are a Tableau UK Gold Partner and one of the longest standing Tableau partners in the UK with experience of all aspects of both Tableau Desktop and Tableau Server. Our team are skilled at working with data and we are all certified Tableau consultants.\""=>{",\"lang\":"=>{"\"en-us\""=>{",\"opengraph\":"=>{"{\"site_name\":\"The Information Lab\",\"description\":\"The Information Lab, Tableau Partner of the Year 2013, is a team of passionate Tableau software professionals. We are a Tableau UK Gold Partner and one of the longest standing Tableau partners in the UK with experience of all aspects of both Tableau Desktop and Tableau Server. Our team are skilled at working with data and we are all certified Tableau consultants.\",\"type\":\"article\",\"url\":\"http://www.theinformationlab.co.uk/2012/11/19/why-is-my-tableau-viz-slow/\",\"image\":\"http://www.theinformationlab.co.uk/wp-content/uploads/2012/11/ScreenShot003_thumb2.jpg\",\"title\":\"Why is my Tableau viz slow? - The Information Lab\"}"=>{",\"twitter\":"=>{"{\"description\":\"We all know and love Tableau to be the best BI tool to enable you to quickl\",\"card\":\"summary\",\"url\":\"http://www.theinformationlab.co.uk/2012/11/19/why-is-my-tableau-viz-slow/\",\"title\":\"Why is my Tableau viz slow?\"}"=>{"},\"normalized_url\":"=>{"\"http://theinformationlab.co.uk/2012/11/19/why-is-my-tableau-viz-slow\""=>{",\"retweet_count\":"=>{"0"=>{",\"title\":"=>{"\"Why is my Tableau viz slow? - The Information Lab\""=>{",\"url\":"=>{"\"http://www.theinformationlab.co.uk/2012/11/19/why-is-my-tableau-viz-slow/\""=>{"},\"salience\":{\"content\":{\"sentiment\":-8}},\"twitter\":{\"created_at\":\"Fri, 03 Jan 2014 04:29:10  0000\",\"display_urls\":"=>{"\"theinformationlab.co.uk/2012/11/19/why\\u2026\""=>{",\"domains\":"=>{"\"www.theinformationlab.co.uk\""=>{",\"filter_level\":\"medium\",\"id\":\"418962215064977408\",\"lang\":\"en\",\"links\":"=>{"\"http://www.theinformationlab.co.uk/2012/11/19/why-is-my-tableau-viz-slow/\""=>{",\"source\":\"web\",\"text\":\"Tableau can be so slow! Found this though: http://t.co/Thznv7LXG5\",\"user\":{\"created_at\":\"Wed, 19 Mar 2008 17:40:00  0000\",\"description\":\"Fanatic of information and innovation\",\"favourites_count\":1,\"followers_count\":151,\"friends_count\":235,\"geo_enabled\":true,\"id\":14178358,\"id_str\":\"14178358\",\"lang\":\"en\",\"listed_count\":9,\"location\":\"San Francisco, CA\",\"name\":\"Jessica Santana\",\"profile_image_url\":\"http://pbs.twimg.com/profile_images/548734397/writerFocus_normal.jpg\",\"profile_image_url_https\":\"https://pbs.twimg.com/profile_images/548734397/writerFocus_normal.jpg\",\"screen_name\":\"JJSantana\",\"statuses_count\":165,\"time_zone\":\"Pacific Time (US "=>nil}}}}}}}}}}}}}}}}}}}}}}}}}}}}}}, "Canada)\",\"url\":\"http://www.linkedin.com/in/jessicasantana\",\"utc_offset\":-28800,\"verified\":false}}}\n"=>nil}
Completed 200 OK in 1ms (Views: 0.1ms | ActiveRecord: 0.0ms)


Started GET "/main/webhook" for 127.0.0.1 at 2014-03-05 17:37:49 -0800

ActionController::RoutingError (No route matches [GET] "/main/webhook"):
  actionpack (4.0.3) lib/action_dispatch/middleware/debug_exceptions.rb:21:in `call'
  actionpack (4.0.3) lib/action_dispatch/middleware/show_exceptions.rb:30:in `call'
  railties (4.0.3) lib/rails/rack/logger.rb:38:in `call_app'
  railties (4.0.3) lib/rails/rack/logger.rb:20:in `block in call'
  activesupport (4.0.3) lib/active_support/tagged_logging.rb:67:in `block in tagged'
  activesupport (4.0.3) lib/active_support/tagged_logging.rb:25:in `tagged'
  activesupport (4.0.3) lib/active_support/tagged_logging.rb:67:in `tagged'
  railties (4.0.3) lib/rails/rack/logger.rb:20:in `call'
  actionpack (4.0.3) lib/action_dispatch/middleware/request_id.rb:21:in `call'
  rack (1.5.2) lib/rack/methodoverride.rb:21:in `call'
  rack (1.5.2) lib/rack/runtime.rb:17:in `call'
  activesupport (4.0.3) lib/active_support/cache/strategy/local_cache.rb:83:in `call'
  rack (1.5.2) lib/rack/lock.rb:17:in `call'
  actionpack (4.0.3) lib/action_dispatch/middleware/static.rb:64:in `call'
  rack (1.5.2) lib/rack/sendfile.rb:112:in `call'
  railties (4.0.3) lib/rails/engine.rb:511:in `call'
  railties (4.0.3) lib/rails/application.rb:97:in `call'
  rack (1.5.2) lib/rack/lock.rb:17:in `call'
  rack (1.5.2) lib/rack/content_length.rb:14:in `call'
  rack (1.5.2) lib/rack/handler/webrick.rb:60:in `service'
  /Users/bradhubbard/.rvm/rubies/ruby-2.1.1/lib/ruby/2.1.0/webrick/httpserver.rb:138:in `service'
  /Users/bradhubbard/.rvm/rubies/ruby-2.1.1/lib/ruby/2.1.0/webrick/httpserver.rb:94:in `run'
  /Users/bradhubbard/.rvm/rubies/ruby-2.1.1/lib/ruby/2.1.0/webrick/server.rb:295:in `block in start_thread'


  Rendered /Users/bradhubbard/.rvm/gems/ruby-2.1.1/gems/actionpack-4.0.3/lib/action_dispatch/middleware/templates/rescues/_trace.erb (1.3ms)
  Rendered /Users/bradhubbard/.rvm/gems/ruby-2.1.1/gems/actionpack-4.0.3/lib/action_dispatch/middleware/templates/routes/_route.html.erb (0.9ms)
  Rendered /Users/bradhubbard/.rvm/gems/ruby-2.1.1/gems/actionpack-4.0.3/lib/action_dispatch/middleware/templates/routes/_table.html.erb (7.2ms)
  Rendered /Users/bradhubbard/.rvm/gems/ruby-2.1.1/gems/actionpack-4.0.3/lib/action_dispatch/middleware/templates/rescues/routing_error.erb within rescues/layout (32.4ms)


Started POST "/main/webhook.json" for 127.0.0.1 at 2014-03-05 17:37:51 -0800
Processing by MainController#webhook as JSON
  Parameters: {"{\"demographic\":{\"gender\":\"female\"},\"interaction\":{\"author\":{\"avatar\":\"http://pbs.twimg.com/profile_images/548734397/writerFocus_normal.jpg\",\"id\":14178358,\"language\":\"en\",\"link\":\"http://twitter.com/JJSantana\",\"name\":\"Jessica Santana\",\"username\":\"JJSantana\"},\"content\":\"Tableau can be so slow! Found this though: http://t.co/Thznv7LXG5\",\"created_at\":\"Fri, 03 Jan 2014 04:29:10  0000\",\"id\":\"1e3742f972f6af00e074d5eef71c639e\",\"link\":\"http://twitter.com/JJSantana/status/418962215064977408\",\"received_at\":4743611535899367362,\"schema\":{\"version\":3},\"source\":\"web\",\"type\":\"twitter\"},\"klout\":{\"score\":22},\"language\":{\"confidence\":100,\"tag\":\"en\"},\"links\":{\"code\":"=>{"200"=>{",\"created_at\":"=>{"\"Fri, 03 Jan 2014 04:29:11  0000\""=>{",\"meta\":{\"charset\":"=>{"\"UTF-8\""=>{",\"content_type\":"=>{"\"text/html\""=>{",\"description\":"=>{"\"The Information Lab, Tableau Partner of the Year 2013, is a team of passionate Tableau software professionals. We are a Tableau UK Gold Partner and one of the longest standing Tableau partners in the UK with experience of all aspects of both Tableau Desktop and Tableau Server. Our team are skilled at working with data and we are all certified Tableau consultants.\""=>{",\"lang\":"=>{"\"en-us\""=>{",\"opengraph\":"=>{"{\"site_name\":\"The Information Lab\",\"description\":\"The Information Lab, Tableau Partner of the Year 2013, is a team of passionate Tableau software professionals. We are a Tableau UK Gold Partner and one of the longest standing Tableau partners in the UK with experience of all aspects of both Tableau Desktop and Tableau Server. Our team are skilled at working with data and we are all certified Tableau consultants.\",\"type\":\"article\",\"url\":\"http://www.theinformationlab.co.uk/2012/11/19/why-is-my-tableau-viz-slow/\",\"image\":\"http://www.theinformationlab.co.uk/wp-content/uploads/2012/11/ScreenShot003_thumb2.jpg\",\"title\":\"Why is my Tableau viz slow? - The Information Lab\"}"=>{",\"twitter\":"=>{"{\"description\":\"We all know and love Tableau to be the best BI tool to enable you to quickl\",\"card\":\"summary\",\"url\":\"http://www.theinformationlab.co.uk/2012/11/19/why-is-my-tableau-viz-slow/\",\"title\":\"Why is my Tableau viz slow?\"}"=>{"},\"normalized_url\":"=>{"\"http://theinformationlab.co.uk/2012/11/19/why-is-my-tableau-viz-slow\""=>{",\"retweet_count\":"=>{"0"=>{",\"title\":"=>{"\"Why is my Tableau viz slow? - The Information Lab\""=>{",\"url\":"=>{"\"http://www.theinformationlab.co.uk/2012/11/19/why-is-my-tableau-viz-slow/\""=>{"},\"salience\":{\"content\":{\"sentiment\":-8}},\"twitter\":{\"created_at\":\"Fri, 03 Jan 2014 04:29:10  0000\",\"display_urls\":"=>{"\"theinformationlab.co.uk/2012/11/19/why\\u2026\""=>{",\"domains\":"=>{"\"www.theinformationlab.co.uk\""=>{",\"filter_level\":\"medium\",\"id\":\"418962215064977408\",\"lang\":\"en\",\"links\":"=>{"\"http://www.theinformationlab.co.uk/2012/11/19/why-is-my-tableau-viz-slow/\""=>{",\"source\":\"web\",\"text\":\"Tableau can be so slow! Found this though: http://t.co/Thznv7LXG5\",\"user\":{\"created_at\":\"Wed, 19 Mar 2008 17:40:00  0000\",\"description\":\"Fanatic of information and innovation\",\"favourites_count\":1,\"followers_count\":151,\"friends_count\":235,\"geo_enabled\":true,\"id\":14178358,\"id_str\":\"14178358\",\"lang\":\"en\",\"listed_count\":9,\"location\":\"San Francisco, CA\",\"name\":\"Jessica Santana\",\"profile_image_url\":\"http://pbs.twimg.com/profile_images/548734397/writerFocus_normal.jpg\",\"profile_image_url_https\":\"https://pbs.twimg.com/profile_images/548734397/writerFocus_normal.jpg\",\"screen_name\":\"JJSantana\",\"statuses_count\":165,\"time_zone\":\"Pacific Time (US "=>nil}}}}}}}}}}}}}}}}}}}}}}}}}}}}}}, "Canada)\",\"url\":\"http://www.linkedin.com/in/jessicasantana\",\"utc_offset\":-28800,\"verified\":false}}}\n"=>nil}
Completed 200 OK in 1ms (Views: 0.1ms | ActiveRecord: 0.0ms)


Started POST "/main/webhook.json" for 127.0.0.1 at 2014-03-05 17:38:36 -0800
Processing by MainController#webhook as JSON
  Parameters: {"interactions"=>"{\"demographic\":{\"gender\":\"female\"},\"interaction\":{\"author\":{\"avatar\":\"http://pbs.twimg.com/profile_images/548734397/writerFocus_normal.jpg\",\"id\":14178358,\"language\":\"en\",\"link\":\"http://twitter.com/JJSantana\",\"name\":\"Jessica Santana\",\"username\":\"JJSantana\"},\"content\":\"Tableau can be so slow! Found this though: http://t.co/Thznv7LXG5\",\"created_at\":\"Fri, 03 Jan 2014 04:29:10  0000\",\"id\":\"1e3742f972f6af00e074d5eef71c639e\",\"link\":\"http://twitter.com/JJSantana/status/418962215064977408\",\"received_at\":4743611535899367362,\"schema\":{\"version\":3},\"source\":\"web\",\"type\":\"twitter\"},\"klout\":{\"score\":22},\"language\":{\"confidence\":100,\"tag\":\"en\"},\"links\":{\"code\":[200],\"created_at\":[\"Fri, 03 Jan 2014 04:29:11  0000\"],\"meta\":{\"charset\":[\"UTF-8\"],\"content_type\":[\"text/html\"],\"description\":[\"The Information Lab, Tableau Partner of the Year 2013, is a team of passionate Tableau software professionals. We are a Tableau UK Gold Partner and one of the longest standing Tableau partners in the UK with experience of all aspects of both Tableau Desktop and Tableau Server. Our team are skilled at working with data and we are all certified Tableau consultants.\"],\"lang\":[\"en-us\"],\"opengraph\":[{\"site_name\":\"The Information Lab\",\"description\":\"The Information Lab, Tableau Partner of the Year 2013, is a team of passionate Tableau software professionals. We are a Tableau UK Gold Partner and one of the longest standing Tableau partners in the UK with experience of all aspects of both Tableau Desktop and Tableau Server. Our team are skilled at working with data and we are all certified Tableau consultants.\",\"type\":\"article\",\"url\":\"http://www.theinformationlab.co.uk/2012/11/19/why-is-my-tableau-viz-slow/\",\"image\":\"http://www.theinformationlab.co.uk/wp-content/uploads/2012/11/ScreenShot003_thumb2.jpg\",\"title\":\"Why is my Tableau viz slow? - The Information Lab\"}],\"twitter\":[{\"description\":\"We all know and love Tableau to be the best BI tool to enable you to quickl\",\"card\":\"summary\",\"url\":\"http://www.theinformationlab.co.uk/2012/11/19/why-is-my-tableau-viz-slow/\",\"title\":\"Why is my Tableau viz slow?\"}]},\"normalized_url\":[\"http://theinformationlab.co.uk/2012/11/19/why-is-my-tableau-viz-slow\"],\"retweet_count\":[0],\"title\":[\"Why is my Tableau viz slow? - The Information Lab\"],\"url\":[\"http://www.theinformationlab.co.uk/2012/11/19/why-is-my-tableau-viz-slow/\"]},\"salience\":{\"content\":{\"sentiment\":-8}},\"twitter\":{\"created_at\":\"Fri, 03 Jan 2014 04:29:10  0000\",\"display_urls\":[\"theinformationlab.co.uk/2012/11/19/why\\u2026\"],\"domains\":[\"www.theinformationlab.co.uk\"],\"filter_level\":\"medium\",\"id\":\"418962215064977408\",\"lang\":\"en\",\"links\":[\"http://www.theinformationlab.co.uk/2012/11/19/why-is-my-tableau-viz-slow/\"],\"source\":\"web\",\"text\":\"Tableau can be so slow! Found this though: http://t.co/Thznv7LXG5\",\"user\":{\"created_at\":\"Wed, 19 Mar 2008 17:40:00  0000\",\"description\":\"Fanatic of information and innovation\",\"favourites_count\":1,\"followers_count\":151,\"friends_count\":235,\"geo_enabled\":true,\"id\":14178358,\"id_str\":\"14178358\",\"lang\":\"en\",\"listed_count\":9,\"location\":\"San Francisco, CA\",\"name\":\"Jessica Santana\",\"profile_image_url\":\"http://pbs.twimg.com/profile_images/548734397/writerFocus_normal.jpg\",\"profile_image_url_https\":\"https://pbs.twimg.com/profile_images/548734397/writerFocus_normal.jpg\",\"screen_name\":\"JJSantana\",\"statuses_count\":165,\"time_zone\":\"Pacific Time (US ", "Canada)\",\"url\":\"http://www.linkedin.com/in/jessicasantana\",\"utc_offset\":-28800,\"verified\":false}}}\n"=>nil}
Completed 500 Internal Server Error in 1ms

NoMethodError (undefined method `each' for #<String:0x007f9aeac96558>):
  app/controllers/main_controller.rb:10:in `webhook'


  Rendered /Users/bradhubbard/.rvm/gems/ruby-2.1.1/gems/actionpack-4.0.3/lib/action_dispatch/middleware/templates/rescues/_source.erb (1.0ms)
  Rendered /Users/bradhubbard/.rvm/gems/ruby-2.1.1/gems/actionpack-4.0.3/lib/action_dispatch/middleware/templates/rescues/_trace.erb (1.3ms)
  Rendered /Users/bradhubbard/.rvm/gems/ruby-2.1.1/gems/actionpack-4.0.3/lib/action_dispatch/middleware/templates/rescues/_request_and_response.erb (1.6ms)
  Rendered /Users/bradhubbard/.rvm/gems/ruby-2.1.1/gems/actionpack-4.0.3/lib/action_dispatch/middleware/templates/rescues/diagnostics.erb within rescues/layout (22.8ms)
